Tue 28 Sep 2021 01:31:53 PM PDT
afifo: bin_evk output [PASS]
and2: bin_evk output [PASS]
cnt4: bin_evk output [PASS]
cnt32: bin_evk output [PASS]
design1: bin_evk output [PASS]
design2: bin_evk output [PASS]
design3: bin_evk output [FAIL]
design4: bin_evk output [PASS]
design6: bin_evk output [PASS]
design8: bin_evk output [PASS]
design9: bin_evk output [PASS]
design10: bin_evk output [PASS]
fifo: bin_evk output [PASS]
fifo_hc: bin_evk output [PASS]
fifo_vc: bin_evk output [PASS]
infer_mult: bin_evk output [PASS]
infer_ram: bin_evk output [PASS]
io: bin_evk output [PASS]
mult: bin_evk output [PASS]
power: bin_evk output [PASS]
powerfifo: bin_evk output [PASS]
powerram: bin_evk output [PASS]
ram_hc: bin_evk output [PASS]
ram_vc: bin_evk output [PASS]
ram_init: bin_evk output [PASS]
ram_prd: bin_evk output [PASS]
sfifo: bin_evk output [PASS]
sta: bin_evk output [PASS]
sta1: bin_evk output [PASS]
Tue 28 Sep 2021 01:54:22 PM PDT
