Tue 28 Sep 2021 01:26:38 PM PDT
check raptor run logs for errors

afifo: raptor flow [PASS]
afifo: raptor STA max [PASS]
afifo: raptor STA min [PASS]
and2: raptor flow [PASS]
and2: raptor STA max [PASS]
and2: raptor STA min [PASS]
cnt4: raptor flow [PASS]
cnt4: raptor STA max [PASS]
cnt4: raptor STA min [PASS]
cnt32: raptor flow [PASS]
cnt32: raptor STA max [PASS]
cnt32: raptor STA min [PASS]
design1: raptor flow [PASS]
design1: raptor STA max [PASS]
design1: raptor STA min [PASS]
design2: raptor flow [PASS]
design2: raptor STA max [PASS]
design2: raptor STA min [PASS]
design3: raptor flow [PASS]
design3: raptor STA max [PASS]
design3: raptor STA min [PASS]
design4: raptor flow [PASS]
design4: raptor STA max [PASS]
design4: raptor STA min [PASS]
design5: raptor flow [FAIL]
design6: raptor flow [PASS]
design6: raptor STA max [PASS]
design6: raptor STA min [PASS]
design7: raptor flow [FAIL]
design8: raptor flow [PASS]
design8: raptor STA max [PASS]
design8: raptor STA min [PASS]
design9: raptor flow [PASS]
design9: raptor STA max [PASS]
design9: raptor STA min [PASS]
design10: raptor flow [PASS]
design10: raptor STA max [PASS]
design10: raptor STA min [PASS]
fifo: raptor flow [PASS]
fifo: raptor STA max [PASS]
fifo: raptor STA min [PASS]
fifo_hc: raptor flow [PASS]
fifo_hc: raptor STA max [PASS]
fifo_hc: raptor STA min [PASS]
fifo_vc: raptor flow [PASS]
fifo_vc: raptor STA max [PASS]
fifo_vc: raptor STA min [PASS]
infer_mult: raptor flow [PASS]
infer_mult: raptor STA max [PASS]
infer_mult: raptor STA min [PASS]
infer_ram: raptor flow [PASS]
infer_ram: raptor STA max [PASS]
infer_ram: raptor STA min [PASS]
io: raptor flow [PASS]
io: raptor STA max [PASS]
io: raptor STA min [PASS]
mult: raptor flow [PASS]
mult: raptor STA max [PASS]
mult: raptor STA min [PASS]
power: raptor flow [PASS]
power: raptor STA max [PASS]
power: raptor STA min [PASS]
powerfifo: raptor flow [PASS]
powerfifo: raptor STA max [PASS]
powerfifo: raptor STA min [PASS]
powerram: raptor flow [PASS]
powerram: raptor STA max [PASS]
powerram: raptor STA min [PASS]
ram_hc: raptor flow [PASS]
ram_hc: raptor STA max [PASS]
ram_hc: raptor STA min [PASS]
ram_vc: raptor flow [PASS]
ram_vc: raptor STA max [PASS]
ram_vc: raptor STA min [PASS]
ram_init: raptor flow [PASS]
ram_init: raptor STA max [PASS]
ram_init: raptor STA min [PASS]
ram_prd: raptor flow [PASS]
ram_prd: raptor STA max [PASS]
ram_prd: raptor STA min [PASS]
sfifo: raptor flow [PASS]
sfifo: raptor STA max [PASS]
sfifo: raptor STA min [PASS]
sta: raptor flow [PASS]
sta: raptor STA max [PASS]
sta: raptor STA min [PASS]
sta1: raptor flow [PASS]
sta1: raptor STA max [PASS]
sta1: raptor STA min [PASS]
